2017-09-15 11:01:49,982 - act - INFO - nihao
2017-09-15 11:01:49,982 - act - INFO - hello
2017-09-15 11:01:49,983 - act - INFO - aniasaiyo
2017-09-15 11:02:08,228 - act - INFO - nihao
2017-09-15 11:02:08,228 - act - INFO - hello
2017-09-15 11:02:08,228 - act - INFO - aniasaiyo
2017-09-15 11:06:53,108 - act - INFO - nihao
2017-09-15 11:06:53,108 - act - INFO - hello
2017-09-15 11:06:53,109 - trans - INFO - aniasaiyo
2017-09-15 11:07:03,250 - act - INFO - nihao
2017-09-15 11:07:03,250 - act - INFO - hello
2017-09-15 11:07:03,250 - trans - INFO - aniasaiyo
2017-09-15 11:07:03,250 - trans - INFO - transfer
2017-09-15 11:07:25,939 - act - INFO - nihao
2017-09-15 11:07:25,939 - act - INFO - hello
2017-09-15 11:07:25,939 - trans - ERROR - aniasaiyo
2017-09-15 11:07:25,939 - trans - INFO - transfer
2017-09-15 11:07:32,279 - act - INFO - nihao
2017-09-15 11:07:32,279 - act - INFO - hello
2017-09-15 11:07:32,280 - trans - ERROR - aniasaiyo
2017-09-15 11:07:32,280 - trans - CRITICAL - transfer
2017-09-15 11:07:37,330 - act - INFO - nihao
2017-09-15 11:07:37,330 - act - INFO - hello
2017-09-15 11:07:37,330 - trans - ERROR - aniasaiyo
2017-09-15 11:07:37,330 - trans - DEBUG - transfer
2017-09-15 13:56:15,990 - act - INFO - nihao
2017-09-15 13:56:15,991 - act - INFO - hello
2017-09-15 13:56:15,991 - trans - ERROR - aniasaiyo
2017-09-15 13:56:15,991 - trans - DEBUG - transfer
2017-09-15 13:56:54,091 - [act] - INFO - nihao
2017-09-15 13:56:54,091 - [act] - INFO - hello
2017-09-15 13:56:54,092 - [trans] - ERROR - aniasaiyo
2017-09-15 13:56:54,092 - [trans] - DEBUG - transfer
