2017-09-29 11:52:55,219 - login - INFO - User admin login!
2017-09-29 11:54:28,024 - login - INFO - User raoky login!
2017-09-29 11:57:00,674 - login - INFO - User admin login!
2017-09-29 11:58:13,894 - login - INFO - User admin login!
2017-09-29 12:01:24,168 - login - INFO - User admin login!
2017-09-29 13:36:38,800 - login - INFO - User admin login!
2017-09-29 13:42:37,156 - login - INFO - User admin login!
2017-09-29 13:49:45,945 - login - INFO - User admin login!
2017-09-29 14:02:17,364 - login - INFO - User admin login!
2017-09-29 14:04:03,100 - login - INFO - User admin login!
2017-09-29 14:06:53,911 - login - INFO - User admin login!
2017-09-29 14:07:54,056 - login - INFO - User admin login!
2017-09-29 14:25:43,014 - login - INFO - User raoky wang login!
2017-09-29 14:27:29,978 - login - INFO - User admin login!
2017-09-29 14:29:44,477 - login - ERROR - User alex password error input!
2017-09-29 14:30:14,037 - login - INFO - User alexy login!
2017-09-29 14:32:18,394 - login - INFO - User admin login!
2017-09-29 14:33:39,172 - login - INFO - User admin login!
2017-09-29 14:34:25,712 - login - INFO - User raoky login!
2017-09-29 17:07:12,608 - login - INFO - User admin login!
2017-09-29 17:15:37,851 - login - INFO - User tom login!
2017-09-29 17:16:34,561 - login - INFO - User alex login!
2017-09-29 17:23:09,077 - login - INFO - User tom login!
2017-09-29 17:40:28,757 - login - INFO - User admin login!
2017-09-29 17:43:05,302 - login - INFO - User alex login!
2017-09-29 18:10:45,663 - login - INFO - User alex login!
2017-09-29 18:21:18,129 - login - ERROR - User admin password error input!
2017-09-29 18:21:48,032 - login - INFO - User admin login!
2017-09-29 18:23:01,748 - login - INFO - User alex login!
2017-09-29 18:29:40,261 - login - INFO - User alex login!
2017-09-29 18:40:58,589 - login - INFO - User alex login!
2017-09-29 18:44:54,554 - login - INFO - User raoky login!
2017-09-29 18:48:14,307 - login - INFO - User admin login!
2017-09-29 18:48:38,360 - login - INFO - User alex login!
2017-09-29 18:51:33,822 - login - INFO - User admin login!
2017-09-29 18:51:40,736 - login - INFO - User alex login!
2017-09-29 18:56:25,539 - login - INFO - User admin login!
2017-09-29 18:58:41,310 - login - INFO - User alex login!
2017-09-29 19:01:35,394 - login - INFO - User tom login!
2017-09-29 19:04:47,342 - login - INFO - User alex login!
2017-09-29 19:04:54,886 - login - INFO - User tom login!
2017-09-29 19:06:11,145 - login - INFO - User alex login!
2017-09-29 19:15:59,598 - login - INFO - User alex login!
2017-09-29 19:16:07,997 - login - INFO - User tom login!
2017-09-29 19:17:10,298 - login - INFO - User alex login!
2017-09-29 19:19:40,757 - login - INFO - User tom login!
2017-09-29 19:20:07,889 - login - INFO - User alex login!
2017-09-29 19:24:39,952 - login - INFO - User alex login!
2017-09-29 19:27:52,217 - login - INFO - User tom login!
2017-09-29 19:29:39,357 - login - ERROR - User alex password error input!
2017-09-29 19:30:09,817 - login - INFO - User tom login!
2017-09-29 19:31:00,721 - login - INFO - User alex login!
2017-09-29 19:36:53,005 - login - INFO - User alex login!
2017-09-29 19:37:21,304 - login - INFO - User tom login!
2017-09-29 19:37:45,633 - login - INFO - User alex login!
